#
# There is insufficient memory for the Java Runtime Environment to continue.
# Native memory allocation (mmap) failed to map 266338304 bytes for G1 virtual space
# Possible reasons:
#   The system is out of physical RAM or swap space
#   The process is running with CompressedOops enabled, and the Java Heap may be blocking the growth of the native heap
# Possible solutions:
#   Reduce memory load on the system
#   Increase physical memory or swap space
#   Check if swap backing store is full
#   Decrease Java heap size (-Xmx/-Xms)
#   Decrease number of Java threads
#   Decrease Java thread stack sizes (-Xss)
#   Set larger code cache with -XX:ReservedCodeCacheSize=
#   JVM is running with Zero Based Compressed Oops mode in which the Java heap is
#     placed in the first 32GB address space. The Java Heap base address is the
#     maximum limit for the native heap growth. Please use -XX:HeapBaseMinAddress
#     to set the Java Heap base and to place the Java Heap above 32GB virtual address.
# This output file may be truncated or incomplete.
#
#  Out of Memory Error (os_windows.cpp:3541), pid=18952, tid=18592
#
# JRE version:  (17.0.5+9) (build )
# Java VM: Java HotSpot(TM) 64-Bit Server VM (17.0.5+9-LTS-191, mixed mode, emulated-client, sharing, tiered, compressed oops, compressed class ptrs, g1 gc, windows-amd64)
# No core dump will be written. Minidumps are not enabled by default on client versions of Windows
#

---------------  S U M M A R Y ------------

Command Line: -XX:TieredStopAtLevel=1 -Xverify:none -Dspring.output.ansi.enabled=always -javaagent:D:\IntelliJ IDEA 2021.2\lib\idea_rt.jar=49339:D:\IntelliJ IDEA 2021.2\bin -Dcom.sun.management.jmxremote -Dspring.jmx.enabled=true -Dspring.liveBeansView.mbeanDomain -Dspring.application.admin.enabled=true -Dfile.encoding=UTF-8 com.agri.mis.AgriMisApplication

Host: 11th Gen Intel(R) Core(TM) i5-11400H @ 2.70GHz, 12 cores, 15G,  Windows 10 , 64 bit Build 19041 (10.0.19041.1202)
Time: Fri Dec 16 09:55:45 2022  Windows 10 , 64 bit Build 19041 (10.0.19041.1202) elapsed time: 0.022214 seconds (0d 0h 0m 0s)

---------------  T H R E A D  ---------------

Current thread (0x0000024bf2952030):  JavaThread "Unknown thread" [_thread_in_vm, id=18592, stack(0x000000b87c400000,0x000000b87c500000)]

Stack: [0x000000b87c400000,0x000000b87c500000]
Native frames: (J=compiled Java code, j=interpreted, Vv=VM code, C=native code)
V  [jvm.dll+0x672eea]
V  [jvm.dll+0x7d2a04]
V  [jvm.dll+0x7d41ae]
V  [jvm.dll+0x7d4813]
V  [jvm.dll+0x242c15]
V  [jvm.dll+0x66fe09]
V  [jvm.dll+0x664682]
V  [jvm.dll+0x300e8b]
V  [jvm.dll+0x308426]
V  [jvm.dll+0x357ffe]
V  [jvm.dll+0x35822f]
V  [jvm.dll+0x2d80a8]
V  [jvm.dll+0x2d9014]
V  [jvm.dll+0x7a44e1]
V  [jvm.dll+0x365df1]
V  [jvm.dll+0x7838fc]
V  [jvm.dll+0x3e873f]
V  [jvm.dll+0x3ea1e1]
C  [jli.dll+0x527b]
C  [ucrtbase.dll+0x21bb2]
C  [KERNEL32.DLL+0x17034]
C  [ntdll.dll+0x52651]


---------------  P R O C E S S  ---------------

Threads class SMR info:
_java_thread_list=0x00007ffa3328a8d8, length=0, elements={
}

Java Threads: ( => current thread )

Other Threads:
  0x0000024bf29bc4f0 GCTaskThread "GC Thread#0" [stack: 0x000000b87c500000,0x000000b87c600000] [id=19248]
  0x0000024bf29ce1d0 ConcurrentGCThread "G1 Main Marker" [stack: 0x000000b87c600000,0x000000b87c700000] [id=18680]
  0x0000024bf29cebe0 ConcurrentGCThread "G1 Conc#0" [stack: 0x000000b87c700000,0x000000b87c800000] [id=11772]

[error occurred during error reporting (printing all threads), id 0xc0000005, EXCEPTION_ACCESS_VIOLATION (0xc0000005) at pc=0x00007ffa32ad8a97]

VM state: not at safepoint (not fully initialized)

VM Mutex/Monitor currently owned by a thread:  ([mutex/lock_event])
[0x0000024bf294e2e0] Heap_lock - owner thread: 0x0000024bf2952030

Heap address: 0x0000000702600000, size: 4058 MB, Compressed Oops mode: Zero based, Oop shift amount: 3

CDS archive(s) mapped at: [0x0000000000000000-0x0000000000000000-0x0000000000000000), size 0, SharedBaseAddress: 0x0000000800000000, ArchiveRelocationMode: 0.
Narrow klass base: 0x0000000000000000, Narrow klass shift: 0, Narrow klass range: 0x0

GC Precious Log:
<Empty>

Heap:
 garbage-first heap   total 0K, used 0K [0x0000000702600000, 0x0000000800000000)
  region size 2048K, 0 young (0K), 0 survivors (0K)

[error occurred during error reporting (printing heap information), id 0xc0000005, EXCEPTION_ACCESS_VIOLATION (0xc0000005) at pc=0x00007ffa32ebc399]

GC Heap History (0 events):
No events

Deoptimization events (0 events):
No events

Classes unloaded (0 events):
No events

Classes redefined (0 events):
No events

Internal exceptions (0 events):
No events

VM Operations (0 events):
No events

Events (1 events):
Event: 0.011 Loaded shared library D:\Java\java17\bin\java.dll


Dynamic libraries:
0x00007ff7d55d0000 - 0x00007ff7d55e0000 	D:\Java\java17\bin\java.exe
0x00007ffa6d210000 - 0x00007ffa6d405000 	C:\Windows\SYSTEM32\ntdll.dll
0x00007ffa6b720000 - 0x00007ffa6b7de000 	C:\Windows\System32\KERNEL32.DLL
0x00007ffa6ac90000 - 0x00007ffa6af59000 	C:\Windows\System32\KERNELBASE.dll
0x00007ffa6a960000 - 0x00007ffa6aa60000 	C:\Windows\System32\ucrtbase.dll
0x00007ffa62410000 - 0x00007ffa6242a000 	D:\Java\java17\bin\VCRUNTIME140.dll
0x00007ffa66410000 - 0x00007ffa66428000 	D:\Java\java17\bin\jli.dll
0x00007ffa6b260000 - 0x00007ffa6b30c000 	C:\Windows\System32\ADVAPI32.dll
0x00007ffa6b7f0000 - 0x00007ffa6b88e000 	C:\Windows\System32\msvcrt.dll
0x00007ffa6b680000 - 0x00007ffa6b71b000 	C:\Windows\System32\sechost.dll
0x00007ffa6b550000 - 0x00007ffa6b67a000 	C:\Windows\System32\RPCRT4.dll
0x00007ffa6ce30000 - 0x00007ffa6cfd1000 	C:\Windows\System32\USER32.dll
0x00007ffa6a930000 - 0x00007ffa6a952000 	C:\Windows\System32\win32u.dll
0x00007ffa51fd0000 - 0x00007ffa5226a000 	C:\Windows\WinSxS\amd64_microsoft.windows.common-controls_6595b64144ccf1df_6.0.19041.1110_none_60b5254171f9507e\COMCTL32.dll
0x00007ffa6d1a0000 - 0x00007ffa6d1cb000 	C:\Windows\System32\GDI32.dll
0x00007ffa6b070000 - 0x00007ffa6b17b000 	C:\Windows\System32\gdi32full.dll
0x00007ffa6aa90000 - 0x00007ffa6ab2d000 	C:\Windows\System32\msvcp_win.dll
0x00007ffa625a0000 - 0x00007ffa625aa000 	C:\Windows\SYSTEM32\VERSION.dll
0x00007ffa6d040000 - 0x00007ffa6d070000 	C:\Windows\System32\IMM32.DLL
0x00007ffa625e0000 - 0x00007ffa625ec000 	D:\Java\java17\bin\vcruntime140_1.dll
0x00007ffa58c10000 - 0x00007ffa58c9d000 	D:\Java\java17\bin\msvcp140.dll
0x00007ffa327f0000 - 0x00007ffa333b2000 	D:\Java\java17\bin\server\jvm.dll
0x00007ffa6b3d0000 - 0x00007ffa6b3d8000 	C:\Windows\System32\PSAPI.DLL
0x00007ffa664d0000 - 0x00007ffa664d9000 	C:\Windows\SYSTEM32\WSOCK32.dll
0x00007ffa5d5a0000 - 0x00007ffa5d5c7000 	C:\Windows\SYSTEM32\WINMM.dll
0x00007ffa6b970000 - 0x00007ffa6b9db000 	C:\Windows\System32\WS2_32.dll
0x00007ffa687f0000 - 0x00007ffa68802000 	C:\Windows\SYSTEM32\kernel.appcore.dll
0x00007ffa62400000 - 0x00007ffa6240a000 	D:\Java\java17\bin\jimage.dll
0x00007ffa61030000 - 0x00007ffa61214000 	C:\Windows\SYSTEM32\DBGHELP.DLL
0x00007ffa55100000 - 0x00007ffa5512c000 	C:\Windows\SYSTEM32\dbgcore.DLL
0x00007ffa6b1d0000 - 0x00007ffa6b253000 	C:\Windows\System32\bcryptPrimitives.dll
0x00007ffa623f0000 - 0x00007ffa623fe000 	D:\Java\java17\bin\instrument.dll
0x00007ffa623c0000 - 0x00007ffa623e5000 	D:\Java\java17\bin\java.dll

dbghelp: loaded successfully - version: 4.0.5 - missing functions: none
symbol engine: initialized successfully - sym options: 0x614 - pdb path: .;D:\Java\java17\bin;C:\Windows\SYSTEM32;C:\Windows\WinSxS\amd64_microsoft.windows.common-controls_6595b64144ccf1df_6.0.19041.1110_none_60b5254171f9507e;D:\Java\java17\bin\server

VM Arguments:
jvm_args: -XX:TieredStopAtLevel=1 -Xverify:none -Dspring.output.ansi.enabled=always -javaagent:D:\IntelliJ IDEA 2021.2\lib\idea_rt.jar=49339:D:\IntelliJ IDEA 2021.2\bin -Dcom.sun.management.jmxremote -Dspring.jmx.enabled=true -Dspring.liveBeansView.mbeanDomain -Dspring.application.admin.enabled=true -Dfile.encoding=UTF-8 
java_command: com.agri.mis.AgriMisApplication
java_class_path (initial): E:\ideaE\agri-cloud\agri-mis\target\classes;C:\Users\Administrator\.m2\repository\org\springframework\boot\spring-boot-starter-data-r2dbc\3.0.0\spring-boot-starter-data-r2dbc-3.0.0.jar;C:\Users\Administrator\.m2\repository\org\springframework\boot\spring-boot-starter\3.0.0\spring-boot-starter-3.0.0.jar;C:\Users\Administrator\.m2\repository\jakarta\annotation\jakarta.annotation-api\2.1.1\jakarta.annotation-api-2.1.1.jar;C:\Users\Administrator\.m2\repository\org\yaml\snakeyaml\1.33\snakeyaml-1.33.jar;C:\Users\Administrator\.m2\repository\org\springframework\data\spring-data-r2dbc\3.0.0\spring-data-r2dbc-3.0.0.jar;C:\Users\Administrator\.m2\repository\org\springframework\data\spring-data-relational\3.0.0\spring-data-relational-3.0.0.jar;C:\Users\Administrator\.m2\repository\org\springframework\data\spring-data-commons\3.0.0\spring-data-commons-3.0.0.jar;C:\Users\Administrator\.m2\repository\org\springframework\spring-tx\6.0.2\spring-tx-6.0.2.jar;C:\Users\Administrator\.m2\repository\org\springframework\spring-context\6.0.2\spring-context-6.0.2.jar;C:\Users\Administrator\.m2\repository\org\springframework\spring-beans\6.0.2\spring-beans-6.0.2.jar;C:\Users\Administrator\.m2\repository\org\springframework\spring-jdbc\6.0.2\spring-jdbc-6.0.2.jar;C:\Users\Administrator\.m2\repository\org\springframework\spring-r2dbc\6.0.2\spring-r2dbc-6.0.2.jar;C:\Users\Administrator\.m2\repository\org\slf4j\slf4j-api\2.0.4\slf4j-api-2.0.4.jar;C:\Users\Administrator\.m2\repository\io\r2dbc\r2dbc-spi\1.0.0.RELEASE\r2dbc-spi-1.0.0.RELEASE.jar;C:\Users\Administrator\.m2\repository\org\reactivestreams\reactive-streams\1.0.4\reactive-streams-1.0.4.jar;C:\Users\Administrator\.m2\repository\org\springframework\boot\spring-boot-starter-data-mongodb-reactive\3.0.0\spring-boot-starter-data-mongodb-reactive-3.0.0.jar;C:\Users\Administrator\.m2\repository\io\projectreactor\reactor-core\3.5.0\reactor-core-3.5.0.jar;C:\Users\Administrator\.m2\repository\org\mongodb\mongodb-dr
Launcher Type: SUN_STANDARD

[Global flags]
     intx CICompilerCount                          = 4                                         {product} {ergonomic}
     uint ConcGCThreads                            = 3                                         {product} {ergonomic}
     uint G1ConcRefinementThreads                  = 10                                        {product} {ergonomic}
   size_t G1HeapRegionSize                         = 2097152                                   {product} {ergonomic}
    uintx GCDrainStackTargetSize                   = 64                                        {product} {ergonomic}
   size_t InitialHeapSize                          = 266338304                                 {product} {ergonomic}
     bool ManagementServer                         = true                                      {product} {command line}
   size_t MarkStackSize                            = 4194304                                   {product} {ergonomic}
   size_t MaxHeapSize                              = 4255121408                                {product} {ergonomic}
   size_t MinHeapDeltaBytes                        = 2097152                                   {product} {ergonomic}
   size_t MinHeapSize                              = 8388608                                   {product} {ergonomic}
    uintx NonProfiledCodeHeapSize                  = 0                                      {pd product} {ergonomic}
     bool ProfileInterpreter                       = false                                  {pd product} {command line}
    uintx ProfiledCodeHeapSize                     = 0                                      {pd product} {ergonomic}
   size_t SoftMaxHeapSize                          = 4255121408                             {manageable} {ergonomic}
     intx TieredStopAtLevel                        = 1                                         {product} {command line}
     bool UseCompressedClassPointers               = true                           {product lp64_product} {ergonomic}
     bool UseCompressedOops                        = true                           {product lp64_product} {ergonomic}
     bool UseG1GC                                  = true                                      {product} {ergonomic}
     bool UseLargePagesIndividualAllocation        = false                                  {pd product} {ergonomic}

Logging:
Log output configuration:
 #0: stdout all=warning uptime,level,tags
 #1: stderr all=off uptime,level,tags

Environment Variables:
JAVA_HOME=D:\java\jdk1.8.0
CLASSPATH=.;%JAVA_HOME11%\lib;%JAVA_HOME11%\lib\dt.jar;%JAVA_HOME11%\lib\tools.jar
PATH=C:\Program Files\Common Files\Oracle\Java\javapath;C:\Program Files (x86)\Common Files\Oracle\Java\javapath;C:\Windows\system32;C:\Windows;C:\Windows\System32\Wbem;C:\Windows\System32\WindowsPowerShell\v1.0\;C:\Windows\System32\OpenSSH\;C:\Program Files\NVIDIA Corporation\NVIDIA NvDLISR;D:\java\jdk1.8.0\bin;D:\java\jdk1.8.0\jre\bin;E:\Maven\apache-maven-3.6.1\bin;E:\git\Git\cmd;D:\mysql\mysql-8.0.30-winx64;D:\mysql\mysql-8.0.30-winx64\bin;D:\java\Node\node_global;E:\Flutter\flutter\bin;E:\微信开发工具\微信web开发者工具\dll;C:\Program Files\Docker\Docker\resources\bin;C:\ProgramData\DockerDesktop\version-bin;D:\java\Node\;D:\java\Node\node_global\node_modules;E:\Flutter\flutter\bin;E:\Flutter\flutter\bin\cache\dart-sdk;C:\Users\Administrator\AppData\Local\Microsoft\WindowsApps;D:\java\VSCode\Microsoft VS Code\bin;D:\java\java11\bin;D:\java\java11\jre\bin;D:\java\Node\node_global;E:\Flutter\flutter\bin;D:\java\java17\bin;D:\java\java17\jre\bin;
USERNAME=Administrator
OS=Windows_NT
PROCESSOR_IDENTIFIER=Intel64 Family 6 Model 141 Stepping 1, GenuineIntel



---------------  S Y S T E M  ---------------

OS:
 Windows 10 , 64 bit Build 19041 (10.0.19041.1202)
OS uptime: 4 days 1:15 hours
Hyper-V role detected

CPU: total 12 (initial active 12) (6 cores per cpu, 2 threads per core) family 6 model 141 stepping 1 microcode 0x3c, cx8, cmov, fxsr, ht, mmx, 3dnowpref, sse, sse2, sse3, ssse3, sse4.1, sse4.2, popcnt, lzcnt, tsc, tscinvbit, avx, avx2, aes, erms, clmul, bmi1, bmi2, adx, avx512f, avx512dq, avx512cd, avx512bw, avx512vl, sha, fma, vzeroupper, avx512_vpopcntdq, avx512_vpclmulqdq, avx512_vaes, avx512_vnni, clflush, clflushopt, clwb, avx512_vbmi2, avx512_vbmi, hv

Memory: 4k page, system-wide physical 16227M (7200M free)
TotalPageFile size 19171M (AvailPageFile size 163M)
current process WorkingSet (physical memory assigned to process): 11M, peak: 11M
current process commit charge ("private bytes"): 59M, peak: 313M

vm_info: Java HotSpot(TM) 64-Bit Server VM (17.0.5+9-LTS-191) for windows-amd64 JRE (17.0.5+9-LTS-191), built on Sep 13 2022 17:31:43 by "mach5one" with MS VC++ 16.8 / 16.9 (VS2019)

END.
